<?xml version="1.0" encoding="UTF-8"?>
<testsuite xmlns:xsi="http://www.w3.org/2001/XMLSchema-instance" xsi:noNamespaceSchemaLocation="https://maven.apache.org/surefire/maven-surefire-plugin/xsd/surefire-test-report-3.0.xsd" version="3.0" name="com.techelevator.exercises.ExercisesTest" time="2.489" tests="12" errors="0" skipped="0" failures="0">
  <properties>
[...]
</properties>
  <testcase name="exerciseProblem01" classname="com.techelevator.exercises.ExercisesTest" time="0.118"/>
  <testcase name="exerciseProblem02" classname="com.techelevator.exercises.ExercisesTest" time="0.016"/>
  <testcase name="exerciseProblem03" classname="com.techelevator.exercises.ExercisesTest" time="0.01"/>
  <testcase name="exerciseProblem04" classname="com.techelevator.exercises.ExercisesTest" time="0.01"/>
  <testcase name="exerciseProblem05" classname="com.techelevator.exercises.ExercisesTest" time="0.004"/>
  <testcase name="exerciseProblem06" classname="com.techelevator.exercises.ExercisesTest" time="0.005"/>
  <testcase name="exerciseProblem07" classname="com.techelevator.exercises.ExercisesTest" time="0.006"/>
  <testcase name="exerciseProblem08" classname="com.techelevator.exercises.ExercisesTest" time="0.006"/>
  <testcase name="exerciseProblem09" classname="com.techelevator.exercises.ExercisesTest" time="0.007"/>
  <testcase name="exerciseProblem10" classname="com.techelevator.exercises.ExercisesTest" time="0.01"/>
  <testcase name="exerciseProblem11" classname="com.techelevator.exercises.ExercisesTest" time="0.006"/>
  <testcase name="exerciseProblem12" classname="com.techelevator.exercises.ExercisesTest" time="0.007"/>
</testsuite>