<?xml version="1.0" encoding="UTF-8"?>
<testsuite xmlns:xsi="http://www.w3.org/2001/XMLSchema-instance" xsi:noNamespaceSchemaLocation="https://maven.apache.org/surefire/maven-surefire-plugin/xsd/surefire-test-report-3.0.xsd" version="3.0" name="com.techelevator.movies.dao.JdbcCollectionDaoTest" time="2.808" tests="8" errors="0" skipped="0" failures="0">
  <properties>
[...]
</properties>
  <testcase name="getCollectionById_with_invalid_id_returns_null_collection" classname="com.techelevator.movies.dao.JdbcCollectionDaoTest" time="0.128"/>
  <testcase name="getCollectionById_with_valid_id_returns_correct_collection" classname="com.techelevator.movies.dao.JdbcCollectionDaoTest" time="0.007"/>
  <testcase name="getCollectionsByName_with_empty_name_exact_match_returns_correct_collections" classname="com.techelevator.movies.dao.JdbcCollectionDaoTest" time="0.005"/>
  <testcase name="getCollectionsByName_with_empty_name_wildcard_match_returns_correct_number_of_collections" classname="com.techelevator.movies.dao.JdbcCollectionDaoTest" time="0.005"/>
  <testcase name="getCollectionsByName_with_full_name_exact_match_returns_correct_number_of_collections" classname="com.techelevator.movies.dao.JdbcCollectionDaoTest" time="0.004"/>
  <testcase name="getCollectionsByName_with_partial_name_exact_match_returns_correct_number_of_collections" classname="com.techelevator.movies.dao.JdbcCollectionDaoTest" time="0.003"/>
  <testcase name="getCollectionsByName_with_partial_name_wildcard_match_returns_correct_number_of_collections" classname="com.techelevator.movies.dao.JdbcCollectionDaoTest" time="0.005"/>
  <testcase name="getCollections_returns_correct_number_of_collections" classname="com.techelevator.movies.dao.JdbcCollectionDaoTest" time="0.006"/>
</testsuite>