<?xml version="1.0" encoding="UTF-8"?>
<testsuite xmlns:xsi="http://www.w3.org/2001/XMLSchema-instance" xsi:noNamespaceSchemaLocation="https://maven.apache.org/surefire/maven-surefire-plugin/xsd/surefire-test-report-3.0.xsd" version="3.0" name="com.techelevator.exercises.ExercisesTest" time="2.167" tests="21" errors="0" skipped="0" failures="0">
  <properties>
[...]
</properties>
  <testcase name="exerciseProblem01" classname="com.techelevator.exercises.ExercisesTest" time="0.173"/>
  <testcase name="exerciseProblem02" classname="com.techelevator.exercises.ExercisesTest" time="0.018"/>
  <testcase name="exerciseProblem03" classname="com.techelevator.exercises.ExercisesTest" time="0.021"/>
  <testcase name="exerciseProblem04" classname="com.techelevator.exercises.ExercisesTest" time="0.018"/>
  <testcase name="exerciseProblem05" classname="com.techelevator.exercises.ExercisesTest" time="0.029"/>
  <testcase name="exerciseProblem06" classname="com.techelevator.exercises.ExercisesTest" time="0.012"/>
  <testcase name="exerciseProblem07" classname="com.techelevator.exercises.ExercisesTest" time="0.016"/>
  <testcase name="exerciseProblem08" classname="com.techelevator.exercises.ExercisesTest" time="0.017"/>
  <testcase name="exerciseProblem09" classname="com.techelevator.exercises.ExercisesTest" time="0.011"/>
  <testcase name="exerciseProblem10" classname="com.techelevator.exercises.ExercisesTest" time="0.01"/>
  <testcase name="exerciseProblem11" classname="com.techelevator.exercises.ExercisesTest" time="0.009"/>
  <testcase name="exerciseProblem12" classname="com.techelevator.exercises.ExercisesTest" time="0.007"/>
  <testcase name="exerciseProblem13" classname="com.techelevator.exercises.ExercisesTest" time="0.006"/>
  <testcase name="exerciseProblem14" classname="com.techelevator.exercises.ExercisesTest" time="0.008"/>
  <testcase name="exerciseProblem15" classname="com.techelevator.exercises.ExercisesTest" time="0.014"/>
  <testcase name="exerciseProblem16" classname="com.techelevator.exercises.ExercisesTest" time="0.01"/>
  <testcase name="exerciseProblem17" classname="com.techelevator.exercises.ExercisesTest" time="0.016"/>
  <testcase name="exerciseProblem18" classname="com.techelevator.exercises.ExercisesTest" time="0.009"/>
  <testcase name="exerciseProblem19" classname="com.techelevator.exercises.ExercisesTest" time="0.013"/>
  <testcase name="exerciseProblem20" classname="com.techelevator.exercises.ExercisesTest" time="0.013"/>
  <testcase name="exerciseProblem21" classname="com.techelevator.exercises.ExercisesTest" time="0.017"/>
</testsuite>